# JRE version: OpenJDK Runtime Environment (8.0_152-b02) (build 1.8.0_152-release-1024-b02)
# Java VM: OpenJDK 64-Bit Server VM (25.152-b02 mixed mode windows-amd64 compressed oops)
Heap:
 PSYoungGen      total 280064K, used 139988K [0x00000000e0000000, 0x00000000f2f00000, 0x0000000100000000)
  eden space 264192K, 51% used [0x00000000e0000000,0x00000000e8428638,0x00000000f0200000)
  from space 15872K, 29% used [0x00000000f1f80000,0x00000000f240cba0,0x00000000f2f00000)
  to   space 23040K, 0% used [0x00000000f0200000,0x00000000f0200000,0x00000000f1880000)
 ParOldGen       total 93696K, used 31231K [0x00000000a0000000, 0x00000000a5b80000, 0x00000000e0000000)
  object space 93696K, 33% used [0x00000000a0000000,0x00000000a1e7fe50,0x00000000a5b80000)
 Metaspace       used 67088K, capacity 70418K, committed 70528K, reserved 1110016K
  class space    used 9191K, capacity 9846K, committed 9856K, reserved 1048576K
GC Heap History (10 events):
Event: 21.393 GC heap before
{Heap before GC invocations=13 (full 2):
 PSYoungGen      total 169984K, used 43224K [0x00000000e0000000, 0x00000000ec300000, 0x0000000100000000)
  eden space 149504K, 15% used [0x00000000e0000000,0x00000000e16364e8,0x00000000e9200000)
  from space 20480K, 99% used [0x00000000eaa00000,0x00000000ebdffbf8,0x00000000ebe00000)
  to   space 24576K, 0% used [0x00000000e9200000,0x00000000e9200000,0x00000000eaa00000)
 ParOldGen       total 67072K, used 27662K [0x00000000a0000000, 0x00000000a4180000, 0x00000000e0000000)
  object space 67072K, 41% used [0x00000000a0000000,0x00000000a1b03a90,0x00000000a4180000)
 Metaspace       used 57219K, capacity 58972K, committed 59028K, reserved 1099776K
  class space    used 7746K, capacity 8165K, committed 8192K, reserved 1048576K
Event: 21.405 GC heap after
Heap after GC invocations=13 (full 2):
 PSYoungGen      total 174080K, used 10306K [0x00000000e0000000, 0x00000000ee880000, 0x0000000100000000)
  eden space 149504K, 0% used [0x00000000e0000000,0x00000000e0000000,0x00000000e9200000)
  from space 24576K, 41% used [0x00000000e9200000,0x00000000e9c108b8,0x00000000eaa00000)
  to   space 23552K, 0% used [0x00000000ed180000,0x00000000ed180000,0x00000000ee880000)
 ParOldGen       total 67072K, used 35656K [0x00000000a0000000, 0x00000000a4180000, 0x00000000e0000000)
  object space 67072K, 53% used [0x00000000a0000000,0x00000000a22d23f8,0x00000000a4180000)
 Metaspace       used 57219K, capacity 58972K, committed 59028K, reserved 1099776K
  class space    used 7746K, capacity 8165K, committed 8192K, reserved 1048576K
}
Event: 21.405 GC heap before
{Heap before GC invocations=14 (full 3):
 PSYoungGen      total 174080K, used 10306K [0x00000000e0000000, 0x00000000ee880000, 0x0000000100000000)
  eden space 149504K, 0% used [0x00000000e0000000,0x00000000e0000000,0x00000000e9200000)
  from space 24576K, 41% used [0x00000000e9200000,0x00000000e9c108b8,0x00000000eaa00000)
  to   space 23552K, 0% used [0x00000000ed180000,0x00000000ed180000,0x00000000ee880000)
 ParOldGen       total 67072K, used 35656K [0x00000000a0000000, 0x00000000a4180000, 0x00000000e0000000)
  object space 67072K, 53% used [0x00000000a0000000,0x00000000a22d23f8,0x00000000a4180000)
 Metaspace       used 57219K, capacity 58972K, committed 59028K, reserved 1099776K
  class space    used 7746K, capacity 8165K, committed 8192K, reserved 1048576K
Event: 21.538 GC heap after
Heap after GC invocations=14 (full 3):
 PSYoungGen      total 174080K, used 0K [0x00000000e0000000, 0x00000000ee880000, 0x0000000100000000)
  eden space 149504K, 0% used [0x00000000e0000000,0x00000000e0000000,0x00000000e9200000)
  from space 24576K, 0% used [0x00000000e9200000,0x00000000e9200000,0x00000000eaa00000)
  to   space 23552K, 0% used [0x00000000ed180000,0x00000000ed180000,0x00000000ee880000)
 ParOldGen       total 93696K, used 31207K [0x00000000a0000000, 0x00000000a5b80000, 0x00000000e0000000)
  object space 93696K, 33% used [0x00000000a0000000,0x00000000a1e79e50,0x00000000a5b80000)
 Metaspace       used 57219K, capacity 58972K, committed 59028K, reserved 1099776K
  class space    used 7746K, capacity 8165K, committed 8192K, reserved 1048576K
}
Event: 22.152 GC heap before
{Heap before GC invocations=15 (full 3):
 PSYoungGen      total 174080K, used 148557K [0x00000000e0000000, 0x00000000ee880000, 0x0000000100000000)
  eden space 149504K, 99% used [0x00000000e0000000,0x00000000e9113578,0x00000000e9200000)
  from space 24576K, 0% used [0x00000000e9200000,0x00000000e9200000,0x00000000eaa00000)
  to   space 23552K, 0% used [0x00000000ed180000,0x00000000ed180000,0x00000000ee880000)
 ParOldGen       total 93696K, used 31207K [0x00000000a0000000, 0x00000000a5b80000, 0x00000000e0000000)
  object space 93696K, 33% used [0x00000000a0000000,0x00000000a1e79e50,0x00000000a5b80000)
 Metaspace       used 57767K, capacity 59678K, committed 59776K, reserved 1101824K
  class space    used 7833K, capacity 8278K, committed 8320K, reserved 1048576K
Event: 22.155 GC heap after
Heap after GC invocations=15 (full 3):
 PSYoungGen      total 211456K, used 1536K [0x00000000e0000000, 0x00000000ee700000, 0x0000000100000000)
  eden space 189440K, 0% used [0x00000000e0000000,0x00000000e0000000,0x00000000eb900000)
  from space 22016K, 6% used [0x00000000ed180000,0x00000000ed300200,0x00000000ee700000)
  to   space 23552K, 0% used [0x00000000eb900000,0x00000000eb900000,0x00000000ed000000)
 ParOldGen       total 93696K, used 31215K [0x00000000a0000000, 0x00000000a5b80000, 0x00000000e0000000)
  object space 93696K, 33% used [0x00000000a0000000,0x00000000a1e7be50,0x00000000a5b80000)
 Metaspace       used 57767K, capacity 59678K, committed 59776K, reserved 1101824K
  class space    used 7833K, capacity 8278K, committed 8320K, reserved 1048576K
}
Event: 22.180 GC heap before
{Heap before GC invocations=16 (full 3):
 PSYoungGen      total 211456K, used 190717K [0x00000000e0000000, 0x00000000ee700000, 0x0000000100000000)
  eden space 189440K, 99% used [0x00000000e0000000,0x00000000eb8bf490,0x00000000eb900000)
  from space 22016K, 6% used [0x00000000ed180000,0x00000000ed300200,0x00000000ee700000)
  to   space 23552K, 0% used [0x00000000eb900000,0x00000000eb900000,0x00000000ed000000)
 ParOldGen       total 93696K, used 31215K [0x00000000a0000000, 0x00000000a5b80000, 0x00000000e0000000)
  object space 93696K, 33% used [0x00000000a0000000,0x00000000a1e7be50,0x00000000a5b80000)
 Metaspace       used 57779K, capacity 59678K, committed 59776K, reserved 1101824K
  class space    used 7833K, capacity 8278K, committed 8320K, reserved 1048576K
Event: 22.183 GC heap after
Heap after GC invocations=16 (full 3):
 PSYoungGen      total 212992K, used 1120K [0x00000000e0000000, 0x00000000f3680000, 0x0000000100000000)
  eden space 189440K, 0% used [0x00000000e0000000,0x00000000e0000000,0x00000000eb900000)
  from space 23552K, 4% used [0x00000000eb900000,0x00000000eba18000,0x00000000ed000000)
  to   space 23552K, 0% used [0x00000000f1f80000,0x00000000f1f80000,0x00000000f3680000)
 ParOldGen       total 93696K, used 31223K [0x00000000a0000000, 0x00000000a5b80000, 0x00000000e0000000)
  object space 93696K, 33% used [0x00000000a0000000,0x00000000a1e7de50,0x00000000a5b80000)
 Metaspace       used 57779K, capacity 59678K, committed 59776K, reserved 1101824K
  class space    used 7833K, capacity 8278K, committed 8320K, reserved 1048576K
}
Event: 29.546 GC heap before
{Heap before GC invocations=17 (full 3):
 PSYoungGen      total 212992K, used 190560K [0x00000000e0000000, 0x00000000f3680000, 0x0000000100000000)
  eden space 189440K, 100% used [0x00000000e0000000,0x00000000eb900000,0x00000000eb900000)
  from space 23552K, 4% used [0x00000000eb900000,0x00000000eba18000,0x00000000ed000000)
  to   space 23552K, 0% used [0x00000000f1f80000,0x00000000f1f80000,0x00000000f3680000)
 ParOldGen       total 93696K, used 31223K [0x00000000a0000000, 0x00000000a5b80000, 0x00000000e0000000)
  object space 93696K, 33% used [0x00000000a0000000,0x00000000a1e7de50,0x00000000a5b80000)
 Metaspace       used 60162K, capacity 62300K, committed 62464K, reserved 1103872K
  class space    used 8189K, capacity 8663K, committed 8704K, reserved 1048576K
Event: 29.554 GC heap after
Heap after GC invocations=17 (full 3):
 PSYoungGen      total 280064K, used 4658K [0x00000000e0000000, 0x00000000f2f00000, 0x0000000100000000)
  eden space 264192K, 0% used [0x00000000e0000000,0x00000000e0000000,0x00000000f0200000)
  from space 15872K, 29% used [0x00000000f1f80000,0x00000000f240cba0,0x00000000f2f00000)
  to   space 23040K, 0% used [0x00000000f0200000,0x00000000f0200000,0x00000000f1880000)
 ParOldGen       total 93696K, used 31231K [0x00000000a0000000, 0x00000000a5b80000, 0x00000000e0000000)
  object space 93696K, 33% used [0x00000000a0000000,0x00000000a1e7fe50,0x00000000a5b80000)
 Metaspace       used 60162K, capacity 62300K, committed 62464K, reserved 1103872K
  class space    used 8189K, capacity 8663K, committed 8704K, reserved 1048576K
}

