# JRE version: OpenJDK Runtime Environment (8.0_152-b02) (build 1.8.0_152-release-1024-b02)
# Java VM: OpenJDK 64-Bit Server VM (25.152-b02 mixed mode windows-amd64 compressed oops)
Heap:
 PSYoungGen      total 174080K, used 115013K [0x00000000e0000000, 0x00000000ee180000, 0x0000000100000000)
  eden space 158720K, 70% used [0x00000000e0000000,0x00000000e6d716e8,0x00000000e9b00000)
  from space 15360K, 19% used [0x00000000eab00000,0x00000000eade0000,0x00000000eba00000)
  to   space 16384K, 0% used [0x00000000e9b00000,0x00000000e9b00000,0x00000000eab00000)
 ParOldGen       total 84992K, used 65720K [0x00000000a0000000, 0x00000000a5300000, 0x00000000e0000000)
  object space 84992K, 77% used [0x00000000a0000000,0x00000000a402e340,0x00000000a5300000)
 Metaspace       used 65529K, capacity 68708K, committed 68992K, reserved 1107968K
  class space    used 8840K, capacity 9479K, committed 9600K, reserved 1048576K
GC Heap History (10 events):
Event: 11.319 GC heap before
{Heap before GC invocations=21 (full 3):
 PSYoungGen      total 174592K, used 164802K [0x00000000e0000000, 0x00000000ebb80000, 0x0000000100000000)
  eden space 157184K, 100% used [0x00000000e0000000,0x00000000e9980000,0x00000000e9980000)
  from space 17408K, 43% used [0x00000000e9980000,0x00000000ea0f0a78,0x00000000eaa80000)
  to   space 15360K, 0% used [0x00000000eab00000,0x00000000eab00000,0x00000000eba00000)
 ParOldGen       total 84992K, used 49977K [0x00000000a0000000, 0x00000000a5300000, 0x00000000e0000000)
  object space 84992K, 58% used [0x00000000a0000000,0x00000000a30ce4c0,0x00000000a5300000)
 Metaspace       used 65215K, capacity 68340K, committed 68480K, reserved 1107968K
  class space    used 8839K, capacity 9479K, committed 9600K, reserved 1048576K
Event: 11.336 GC heap after
Heap after GC invocations=21 (full 3):
 PSYoungGen      total 172544K, used 5378K [0x00000000e0000000, 0x00000000ebb80000, 0x0000000100000000)
  eden space 157184K, 0% used [0x00000000e0000000,0x00000000e0000000,0x00000000e9980000)
  from space 15360K, 35% used [0x00000000eab00000,0x00000000eb040978,0x00000000eba00000)
  to   space 17408K, 0% used [0x00000000e9980000,0x00000000e9980000,0x00000000eaa80000)
 ParOldGen       total 84992K, used 55212K [0x00000000a0000000, 0x00000000a5300000, 0x00000000e0000000)
  object space 84992K, 64% used [0x00000000a0000000,0x00000000a35eb3d8,0x00000000a5300000)
 Metaspace       used 65215K, capacity 68340K, committed 68480K, reserved 1107968K
  class space    used 8839K, capacity 9479K, committed 9600K, reserved 1048576K
}
Event: 11.608 GC heap before
{Heap before GC invocations=22 (full 3):
 PSYoungGen      total 172544K, used 162562K [0x00000000e0000000, 0x00000000ebb80000, 0x0000000100000000)
  eden space 157184K, 100% used [0x00000000e0000000,0x00000000e9980000,0x00000000e9980000)
  from space 15360K, 35% used [0x00000000eab00000,0x00000000eb040978,0x00000000eba00000)
  to   space 17408K, 0% used [0x00000000e9980000,0x00000000e9980000,0x00000000eaa80000)
 ParOldGen       total 84992K, used 55212K [0x00000000a0000000, 0x00000000a5300000, 0x00000000e0000000)
  object space 84992K, 64% used [0x00000000a0000000,0x00000000a35eb3d8,0x00000000a5300000)
 Metaspace       used 65306K, capacity 68488K, committed 68736K, reserved 1107968K
  class space    used 8840K, capacity 9479K, committed 9600K, reserved 1048576K
Event: 11.619 GC heap after
Heap after GC invocations=22 (full 3):
 PSYoungGen      total 174592K, used 3382K [0x00000000e0000000, 0x00000000ebb80000, 0x0000000100000000)
  eden space 157184K, 0% used [0x00000000e0000000,0x00000000e0000000,0x00000000e9980000)
  from space 17408K, 19% used [0x00000000e9980000,0x00000000e9ccdaf0,0x00000000eaa80000)
  to   space 15360K, 0% used [0x00000000eab00000,0x00000000eab00000,0x00000000eba00000)
 ParOldGen       total 84992K, used 58389K [0x00000000a0000000, 0x00000000a5300000, 0x00000000e0000000)
  object space 84992K, 68% used [0x00000000a0000000,0x00000000a39057b0,0x00000000a5300000)
 Metaspace       used 65306K, capacity 68488K, committed 68736K, reserved 1107968K
  class space    used 8840K, capacity 9479K, committed 9600K, reserved 1048576K
}
Event: 11.924 GC heap before
{Heap before GC invocations=23 (full 3):
 PSYoungGen      total 174592K, used 160566K [0x00000000e0000000, 0x00000000ebb80000, 0x0000000100000000)
  eden space 157184K, 100% used [0x00000000e0000000,0x00000000e9980000,0x00000000e9980000)
  from space 17408K, 19% used [0x00000000e9980000,0x00000000e9ccdaf0,0x00000000eaa80000)
  to   space 15360K, 0% used [0x00000000eab00000,0x00000000eab00000,0x00000000eba00000)
 ParOldGen       total 84992K, used 58389K [0x00000000a0000000, 0x00000000a5300000, 0x00000000e0000000)
  object space 84992K, 68% used [0x00000000a0000000,0x00000000a39057b0,0x00000000a5300000)
 Metaspace       used 65407K, capacity 68552K, committed 68736K, reserved 1107968K
  class space    used 8840K, capacity 9479K, committed 9600K, reserved 1048576K
Event: 11.934 GC heap after
Heap after GC invocations=23 (full 3):
 PSYoungGen      total 172544K, used 3531K [0x00000000e0000000, 0x00000000ebb80000, 0x0000000100000000)
  eden space 157184K, 0% used [0x00000000e0000000,0x00000000e0000000,0x00000000e9980000)
  from space 15360K, 22% used [0x00000000eab00000,0x00000000eae72dc8,0x00000000eba00000)
  to   space 17408K, 0% used [0x00000000e9980000,0x00000000e9980000,0x00000000eaa80000)
 ParOldGen       total 84992K, used 59876K [0x00000000a0000000, 0x00000000a5300000, 0x00000000e0000000)
  object space 84992K, 70% used [0x00000000a0000000,0x00000000a3a792d0,0x00000000a5300000)
 Metaspace       used 65407K, capacity 68552K, committed 68736K, reserved 1107968K
  class space    used 8840K, capacity 9479K, committed 9600K, reserved 1048576K
}
Event: 12.223 GC heap before
{Heap before GC invocations=24 (full 3):
 PSYoungGen      total 172544K, used 160715K [0x00000000e0000000, 0x00000000ebb80000, 0x0000000100000000)
  eden space 157184K, 100% used [0x00000000e0000000,0x00000000e9980000,0x00000000e9980000)
  from space 15360K, 22% used [0x00000000eab00000,0x00000000eae72dc8,0x00000000eba00000)
  to   space 17408K, 0% used [0x00000000e9980000,0x00000000e9980000,0x00000000eaa80000)
 ParOldGen       total 84992K, used 59876K [0x00000000a0000000, 0x00000000a5300000, 0x00000000e0000000)
  object space 84992K, 70% used [0x00000000a0000000,0x00000000a3a792d0,0x00000000a5300000)
 Metaspace       used 65480K, capacity 68628K, committed 68992K, reserved 1107968K
  class space    used 8840K, capacity 9479K, committed 9600K, reserved 1048576K
Event: 12.234 GC heap after
Heap after GC invocations=24 (full 3):
 PSYoungGen      total 174592K, used 6534K [0x00000000e0000000, 0x00000000ebb80000, 0x0000000100000000)
  eden space 157184K, 0% used [0x00000000e0000000,0x00000000e0000000,0x00000000e9980000)
  from space 17408K, 37% used [0x00000000e9980000,0x00000000e9fe1980,0x00000000eaa80000)
  to   space 15360K, 0% used [0x00000000eab00000,0x00000000eab00000,0x00000000eba00000)
 ParOldGen       total 84992K, used 61119K [0x00000000a0000000, 0x00000000a5300000, 0x00000000e0000000)
  object space 84992K, 71% used [0x00000000a0000000,0x00000000a3bafd38,0x00000000a5300000)
 Metaspace       used 65480K, capacity 68628K, committed 68992K, reserved 1107968K
  class space    used 8840K, capacity 9479K, committed 9600K, reserved 1048576K
}
Event: 12.431 GC heap before
{Heap before GC invocations=25 (full 3):
 PSYoungGen      total 174592K, used 163718K [0x00000000e0000000, 0x00000000ebb80000, 0x0000000100000000)
  eden space 157184K, 100% used [0x00000000e0000000,0x00000000e9980000,0x00000000e9980000)
  from space 17408K, 37% used [0x00000000e9980000,0x00000000e9fe1980,0x00000000eaa80000)
  to   space 15360K, 0% used [0x00000000eab00000,0x00000000eab00000,0x00000000eba00000)
 ParOldGen       total 84992K, used 61119K [0x00000000a0000000, 0x00000000a5300000, 0x00000000e0000000)
  object space 84992K, 71% used [0x00000000a0000000,0x00000000a3bafd38,0x00000000a5300000)
 Metaspace       used 65514K, capacity 68644K, committed 68992K, reserved 1107968K
  class space    used 8840K, capacity 9479K, committed 9600K, reserved 1048576K
Event: 12.439 GC heap after
Heap after GC invocations=25 (full 3):
 PSYoungGen      total 174080K, used 2944K [0x00000000e0000000, 0x00000000ee180000, 0x0000000100000000)
  eden space 158720K, 0% used [0x00000000e0000000,0x00000000e0000000,0x00000000e9b00000)
  from space 15360K, 19% used [0x00000000eab00000,0x00000000eade0000,0x00000000eba00000)
  to   space 16384K, 0% used [0x00000000e9b00000,0x00000000e9b00000,0x00000000eab00000)
 ParOldGen       total 84992K, used 65720K [0x00000000a0000000, 0x00000000a5300000, 0x00000000e0000000)
  object space 84992K, 77% used [0x00000000a0000000,0x00000000a402e340,0x00000000a5300000)
 Metaspace       used 65514K, capacity 68644K, committed 68992K, reserved 1107968K
  class space    used 8840K, capacity 9479K, committed 9600K, reserved 1048576K
}

