# JRE version: OpenJDK Runtime Environment (8.0_152-b02) (build 1.8.0_152-release-1024-b02)
# Java VM: OpenJDK 64-Bit Server VM (25.152-b02 mixed mode windows-amd64 compressed oops)
Heap:
 PSYoungGen      total 240640K, used 78842K [0x00000000e0000000, 0x00000000f2b00000, 0x0000000100000000)
  eden space 199680K, 37% used [0x00000000e0000000,0x00000000e49fea10,0x00000000ec300000)
  from space 40960K, 7% used [0x00000000ec300000,0x00000000ec600040,0x00000000eeb00000)
  to   space 49152K, 0% used [0x00000000eeb00000,0x00000000eeb00000,0x00000000f1b00000)
 ParOldGen       total 98304K, used 75569K [0x00000000a0000000, 0x00000000a6000000, 0x00000000e0000000)
  object space 98304K, 76% used [0x00000000a0000000,0x00000000a49cc4e8,0x00000000a6000000)
 Metaspace       used 92575K, capacity 96422K, committed 97624K, reserved 1134592K
  class space    used 11580K, capacity 12474K, committed 12928K, reserved 1048576K
GC Heap History (10 events):
Event: 1279.095 GC heap before
{Heap before GC invocations=45 (full 4):
 PSYoungGen      total 242688K, used 197022K [0x00000000e0000000, 0x00000000f1b80000, 0x0000000100000000)
  eden space 193536K, 100% used [0x00000000e0000000,0x00000000ebd00000,0x00000000ebd00000)
  from space 49152K, 7% used [0x00000000eeb00000,0x00000000eee67878,0x00000000f1b00000)
  to   space 47104K, 0% used [0x00000000ebd00000,0x00000000ebd00000,0x00000000eeb00000)
 ParOldGen       total 98304K, used 88159K [0x00000000a0000000, 0x00000000a6000000, 0x00000000e0000000)
  object space 98304K, 89% used [0x00000000a0000000,0x00000000a5617d10,0x00000000a6000000)
 Metaspace       used 92486K, capacity 96450K, committed 97624K, reserved 1134592K
  class space    used 11604K, capacity 12516K, committed 12928K, reserved 1048576K
Event: 1279.099 GC heap after
Heap after GC invocations=45 (full 4):
 PSYoungGen      total 240640K, used 1120K [0x00000000e0000000, 0x00000000f1b80000, 0x0000000100000000)
  eden space 193536K, 0% used [0x00000000e0000000,0x00000000e0000000,0x00000000ebd00000)
  from space 47104K, 2% used [0x00000000ebd00000,0x00000000ebe18000,0x00000000eeb00000)
  to   space 49152K, 0% used [0x00000000eeb00000,0x00000000eeb00000,0x00000000f1b00000)
 ParOldGen       total 98304K, used 88691K [0x00000000a0000000, 0x00000000a6000000, 0x00000000e0000000)
  object space 98304K, 90% used [0x00000000a0000000,0x00000000a569cd60,0x00000000a6000000)
 Metaspace       used 92486K, capacity 96450K, committed 97624K, reserved 1134592K
  class space    used 11604K, capacity 12516K, committed 12928K, reserved 1048576K
}
Event: 1279.876 GC heap before
{Heap before GC invocations=46 (full 4):
 PSYoungGen      total 240640K, used 194656K [0x00000000e0000000, 0x00000000f1b80000, 0x0000000100000000)
  eden space 193536K, 100% used [0x00000000e0000000,0x00000000ebd00000,0x00000000ebd00000)
  from space 47104K, 2% used [0x00000000ebd00000,0x00000000ebe18000,0x00000000eeb00000)
  to   space 49152K, 0% used [0x00000000eeb00000,0x00000000eeb00000,0x00000000f1b00000)
 ParOldGen       total 98304K, used 88691K [0x00000000a0000000, 0x00000000a6000000, 0x00000000e0000000)
  object space 98304K, 90% used [0x00000000a0000000,0x00000000a569cd60,0x00000000a6000000)
 Metaspace       used 92548K, capacity 96454K, committed 97624K, reserved 1134592K
  class space    used 11604K, capacity 12516K, committed 12928K, reserved 1048576K
Event: 1279.881 GC heap after
Heap after GC invocations=46 (full 4):
 PSYoungGen      total 242688K, used 1454K [0x00000000e0000000, 0x00000000f1b80000, 0x0000000100000000)
  eden space 193536K, 0% used [0x00000000e0000000,0x00000000e0000000,0x00000000ebd00000)
  from space 49152K, 2% used [0x00000000eeb00000,0x00000000eec6ba50,0x00000000f1b00000)
  to   space 47104K, 0% used [0x00000000ebd00000,0x00000000ebd00000,0x00000000eeb00000)
 ParOldGen       total 98304K, used 89467K [0x00000000a0000000, 0x00000000a6000000, 0x00000000e0000000)
  object space 98304K, 91% used [0x00000000a0000000,0x00000000a575ed60,0x00000000a6000000)
 Metaspace       used 92548K, capacity 96454K, committed 97624K, reserved 1134592K
  class space    used 11604K, capacity 12516K, committed 12928K, reserved 1048576K
}
Event: 1279.881 GC heap before
{Heap before GC invocations=47 (full 5):
 PSYoungGen      total 242688K, used 1454K [0x00000000e0000000, 0x00000000f1b80000, 0x0000000100000000)
  eden space 193536K, 0% used [0x00000000e0000000,0x00000000e0000000,0x00000000ebd00000)
  from space 49152K, 2% used [0x00000000eeb00000,0x00000000eec6ba50,0x00000000f1b00000)
  to   space 47104K, 0% used [0x00000000ebd00000,0x00000000ebd00000,0x00000000eeb00000)
 ParOldGen       total 98304K, used 89467K [0x00000000a0000000, 0x00000000a6000000, 0x00000000e0000000)
  object space 98304K, 91% used [0x00000000a0000000,0x00000000a575ed60,0x00000000a6000000)
 Metaspace       used 92548K, capacity 96454K, committed 97624K, reserved 1134592K
  class space    used 11604K, capacity 12516K, committed 12928K, reserved 1048576K
Event: 1280.009 GC heap after
Heap after GC invocations=47 (full 5):
 PSYoungGen      total 242688K, used 0K [0x00000000e0000000, 0x00000000f1b80000, 0x0000000100000000)
  eden space 193536K, 0% used [0x00000000e0000000,0x00000000e0000000,0x00000000ebd00000)
  from space 49152K, 0% used [0x00000000eeb00000,0x00000000eeb00000,0x00000000f1b00000)
  to   space 47104K, 0% used [0x00000000ebd00000,0x00000000ebd00000,0x00000000eeb00000)
 ParOldGen       total 98304K, used 66959K [0x00000000a0000000, 0x00000000a6000000, 0x00000000e0000000)
  object space 98304K, 68% used [0x00000000a0000000,0x00000000a4163e58,0x00000000a6000000)
 Metaspace       used 92475K, capacity 96226K, committed 97624K, reserved 1134592K
  class space    used 11580K, capacity 12474K, committed 12928K, reserved 1048576K
}
Event: 1280.883 GC heap before
{Heap before GC invocations=48 (full 5):
 PSYoungGen      total 242688K, used 193536K [0x00000000e0000000, 0x00000000f1b80000, 0x0000000100000000)
  eden space 193536K, 100% used [0x00000000e0000000,0x00000000ebd00000,0x00000000ebd00000)
  from space 49152K, 0% used [0x00000000eeb00000,0x00000000eeb00000,0x00000000f1b00000)
  to   space 47104K, 0% used [0x00000000ebd00000,0x00000000ebd00000,0x00000000eeb00000)
 ParOldGen       total 98304K, used 66959K [0x00000000a0000000, 0x00000000a6000000, 0x00000000e0000000)
  object space 98304K, 68% used [0x00000000a0000000,0x00000000a4163e58,0x00000000a6000000)
 Metaspace       used 92526K, capacity 96358K, committed 97624K, reserved 1134592K
  class space    used 11580K, capacity 12474K, committed 12928K, reserved 1048576K
Event: 1280.898 GC heap after
Heap after GC invocations=48 (full 5):
 PSYoungGen      total 240640K, used 8237K [0x00000000e0000000, 0x00000000f1b80000, 0x0000000100000000)
  eden space 193536K, 0% used [0x00000000e0000000,0x00000000e0000000,0x00000000ebd00000)
  from space 47104K, 17% used [0x00000000ebd00000,0x00000000ec50b540,0x00000000eeb00000)
  to   space 49152K, 0% used [0x00000000eeb00000,0x00000000eeb00000,0x00000000f1b00000)
 ParOldGen       total 98304K, used 66967K [0x00000000a0000000, 0x00000000a6000000, 0x00000000e0000000)
  object space 98304K, 68% used [0x00000000a0000000,0x00000000a4165e58,0x00000000a6000000)
 Metaspace       used 92526K, capacity 96358K, committed 97624K, reserved 1134592K
  class space    used 11580K, capacity 12474K, committed 12928K, reserved 1048576K
}
Event: 1281.068 GC heap before
{Heap before GC invocations=49 (full 5):
 PSYoungGen      total 240640K, used 201773K [0x00000000e0000000, 0x00000000f1b80000, 0x0000000100000000)
  eden space 193536K, 100% used [0x00000000e0000000,0x00000000ebd00000,0x00000000ebd00000)
  from space 47104K, 17% used [0x00000000ebd00000,0x00000000ec50b540,0x00000000eeb00000)
  to   space 49152K, 0% used [0x00000000eeb00000,0x00000000eeb00000,0x00000000f1b00000)
 ParOldGen       total 98304K, used 66967K [0x00000000a0000000, 0x00000000a6000000, 0x00000000e0000000)
  object space 98304K, 68% used [0x00000000a0000000,0x00000000a4165e58,0x00000000a6000000)
 Metaspace       used 92530K, capacity 96358K, committed 97624K, reserved 1134592K
  class space    used 11580K, capacity 12474K, committed 12928K, reserved 1048576K
Event: 1281.078 GC heap after
Heap after GC invocations=49 (full 5):
 PSYoungGen      total 248832K, used 4280K [0x00000000e0000000, 0x00000000f2b00000, 0x0000000100000000)
  eden space 199680K, 0% used [0x00000000e0000000,0x00000000e0000000,0x00000000ec300000)
  from space 49152K, 8% used [0x00000000eeb00000,0x00000000eef2e3c0,0x00000000f1b00000)
  to   space 40960K, 0% used [0x00000000ec300000,0x00000000ec300000,0x00000000eeb00000)
 ParOldGen       total 98304K, used 73453K [0x00000000a0000000, 0x00000000a6000000, 0x00000000e0000000)
  object space 98304K, 74% used [0x00000000a0000000,0x00000000a47bb4e8,0x00000000a6000000)
 Metaspace       used 92530K, capacity 96358K, committed 97624K, reserved 1134592K
  class space    used 11580K, capacity 12474K, committed 12928K, reserved 1048576K
}

