# JRE version: OpenJDK Runtime Environment (8.0_152-b02) (build 1.8.0_152-release-1024-b02)
# Java VM: OpenJDK 64-Bit Server VM (25.152-b02 mixed mode windows-amd64 compressed oops)
Heap:
 PSYoungGen      total 74240K, used 10699K [0x00000000e0000000, 0x00000000e5100000, 0x0000000100000000)
  eden space 67072K, 15% used [0x00000000e0000000,0x00000000e0a72d70,0x00000000e4180000)
  from space 7168K, 0% used [0x00000000e4880000,0x00000000e4880000,0x00000000e4f80000)
  to   space 7168K, 0% used [0x00000000e4180000,0x00000000e4180000,0x00000000e4880000)
 ParOldGen       total 51200K, used 16028K [0x00000000a0000000, 0x00000000a3200000, 0x00000000e0000000)
  object space 51200K, 31% used [0x00000000a0000000,0x00000000a0fa7240,0x00000000a3200000)
 Metaspace       used 35283K, capacity 35914K, committed 36056K, reserved 1081344K
  class space    used 4821K, capacity 5074K, committed 5120K, reserved 1048576K
GC Heap History (10 events):
Event: 22.769 GC heap before
{Heap before GC invocations=18 (full 1):
 PSYoungGen      total 50688K, used 47808K [0x00000000e0000000, 0x00000000e3780000, 0x0000000100000000)
  eden space 45056K, 100% used [0x00000000e0000000,0x00000000e2c00000,0x00000000e2c00000)
  from space 5632K, 48% used [0x00000000e3180000,0x00000000e3430010,0x00000000e3700000)
  to   space 5632K, 0% used [0x00000000e2c00000,0x00000000e2c00000,0x00000000e3180000)
 ParOldGen       total 31744K, used 13638K [0x00000000a0000000, 0x00000000a1f00000, 0x00000000e0000000)
  object space 31744K, 42% used [0x00000000a0000000,0x00000000a0d519c0,0x00000000a1f00000)
 Metaspace       used 28501K, capacity 28992K, committed 29184K, reserved 1075200K
  class space    used 3882K, capacity 4053K, committed 4096K, reserved 1048576K
Event: 22.775 GC heap after
Heap after GC invocations=18 (full 1):
 PSYoungGen      total 50688K, used 2752K [0x00000000e0000000, 0x00000000e4200000, 0x0000000100000000)
  eden space 45056K, 0% used [0x00000000e0000000,0x00000000e0000000,0x00000000e2c00000)
  from space 5632K, 48% used [0x00000000e2c00000,0x00000000e2eb0020,0x00000000e3180000)
  to   space 5632K, 0% used [0x00000000e3c80000,0x00000000e3c80000,0x00000000e4200000)
 ParOldGen       total 31744K, used 16030K [0x00000000a0000000, 0x00000000a1f00000, 0x00000000e0000000)
  object space 31744K, 50% used [0x00000000a0000000,0x00000000a0fa79d0,0x00000000a1f00000)
 Metaspace       used 28501K, capacity 28992K, committed 29184K, reserved 1075200K
  class space    used 3882K, capacity 4053K, committed 4096K, reserved 1048576K
}
Event: 25.081 GC heap before
{Heap before GC invocations=19 (full 1):
 PSYoungGen      total 50688K, used 47808K [0x00000000e0000000, 0x00000000e4200000, 0x0000000100000000)
  eden space 45056K, 100% used [0x00000000e0000000,0x00000000e2c00000,0x00000000e2c00000)
  from space 5632K, 48% used [0x00000000e2c00000,0x00000000e2eb0020,0x00000000e3180000)
  to   space 5632K, 0% used [0x00000000e3c80000,0x00000000e3c80000,0x00000000e4200000)
 ParOldGen       total 31744K, used 16030K [0x00000000a0000000, 0x00000000a1f00000, 0x00000000e0000000)
  object space 31744K, 50% used [0x00000000a0000000,0x00000000a0fa79d0,0x00000000a1f00000)
 Metaspace       used 30144K, capacity 30778K, committed 30976K, reserved 1075200K
  class space    used 4019K, capacity 4242K, committed 4352K, reserved 1048576K
Event: 25.087 GC heap after
Heap after GC invocations=19 (full 1):
 PSYoungGen      total 59904K, used 2335K [0x00000000e0000000, 0x00000000e4100000, 0x0000000100000000)
  eden space 55296K, 0% used [0x00000000e0000000,0x00000000e0000000,0x00000000e3600000)
  from space 4608K, 50% used [0x00000000e3c80000,0x00000000e3ec7ed0,0x00000000e4100000)
  to   space 5632K, 0% used [0x00000000e3600000,0x00000000e3600000,0x00000000e3b80000)
 ParOldGen       total 31744K, used 18022K [0x00000000a0000000, 0x00000000a1f00000, 0x00000000e0000000)
  object space 31744K, 56% used [0x00000000a0000000,0x00000000a1199a00,0x00000000a1f00000)
 Metaspace       used 30144K, capacity 30778K, committed 30976K, reserved 1075200K
  class space    used 4019K, capacity 4242K, committed 4352K, reserved 1048576K
}
Event: 27.622 GC heap before
{Heap before GC invocations=20 (full 1):
 PSYoungGen      total 59904K, used 57631K [0x00000000e0000000, 0x00000000e4100000, 0x0000000100000000)
  eden space 55296K, 100% used [0x00000000e0000000,0x00000000e3600000,0x00000000e3600000)
  from space 4608K, 50% used [0x00000000e3c80000,0x00000000e3ec7ed0,0x00000000e4100000)
  to   space 5632K, 0% used [0x00000000e3600000,0x00000000e3600000,0x00000000e3b80000)
 ParOldGen       total 31744K, used 18022K [0x00000000a0000000, 0x00000000a1f00000, 0x00000000e0000000)
  object space 31744K, 56% used [0x00000000a0000000,0x00000000a1199a00,0x00000000a1f00000)
 Metaspace       used 33323K, capacity 34062K, committed 34304K, reserved 1079296K
  class space    used 4576K, capacity 4824K, committed 4864K, reserved 1048576K
Event: 27.634 GC heap after
Heap after GC invocations=20 (full 1):
 PSYoungGen      total 60928K, used 5604K [0x00000000e0000000, 0x00000000e4f80000, 0x0000000100000000)
  eden space 55296K, 0% used [0x00000000e0000000,0x00000000e0000000,0x00000000e3600000)
  from space 5632K, 99% used [0x00000000e3600000,0x00000000e3b791e0,0x00000000e3b80000)
  to   space 7168K, 0% used [0x00000000e4880000,0x00000000e4880000,0x00000000e4f80000)
 ParOldGen       total 31744K, used 20019K [0x00000000a0000000, 0x00000000a1f00000, 0x00000000e0000000)
  object space 31744K, 63% used [0x00000000a0000000,0x00000000a138ce20,0x00000000a1f00000)
 Metaspace       used 33323K, capacity 34062K, committed 34304K, reserved 1079296K
  class space    used 4576K, capacity 4824K, committed 4864K, reserved 1048576K
}
Event: 28.135 GC heap before
{Heap before GC invocations=21 (full 1):
 PSYoungGen      total 60928K, used 16599K [0x00000000e0000000, 0x00000000e4f80000, 0x0000000100000000)
  eden space 55296K, 19% used [0x00000000e0000000,0x00000000e0abcdd8,0x00000000e3600000)
  from space 5632K, 99% used [0x00000000e3600000,0x00000000e3b791e0,0x00000000e3b80000)
  to   space 7168K, 0% used [0x00000000e4880000,0x00000000e4880000,0x00000000e4f80000)
 ParOldGen       total 31744K, used 20019K [0x00000000a0000000, 0x00000000a1f00000, 0x00000000e0000000)
  object space 31744K, 63% used [0x00000000a0000000,0x00000000a138ce20,0x00000000a1f00000)
 Metaspace       used 34607K, capacity 35332K, committed 35416K, reserved 1079296K
  class space    used 4726K, capacity 4964K, committed 4992K, reserved 1048576K
Event: 28.143 GC heap after
Heap after GC invocations=21 (full 1):
 PSYoungGen      total 74240K, used 1561K [0x00000000e0000000, 0x00000000e5100000, 0x0000000100000000)
  eden space 67072K, 0% used [0x00000000e0000000,0x00000000e0000000,0x00000000e4180000)
  from space 7168K, 21% used [0x00000000e4880000,0x00000000e4a066c8,0x00000000e4f80000)
  to   space 7168K, 0% used [0x00000000e4180000,0x00000000e4180000,0x00000000e4880000)
 ParOldGen       total 31744K, used 23323K [0x00000000a0000000, 0x00000000a1f00000, 0x00000000e0000000)
  object space 31744K, 73% used [0x00000000a0000000,0x00000000a16c6eb0,0x00000000a1f00000)
 Metaspace       used 34607K, capacity 35332K, committed 35416K, reserved 1079296K
  class space    used 4726K, capacity 4964K, committed 4992K, reserved 1048576K
}
Event: 28.143 GC heap before
{Heap before GC invocations=22 (full 2):
 PSYoungGen      total 74240K, used 1561K [0x00000000e0000000, 0x00000000e5100000, 0x0000000100000000)
  eden space 67072K, 0% used [0x00000000e0000000,0x00000000e0000000,0x00000000e4180000)
  from space 7168K, 21% used [0x00000000e4880000,0x00000000e4a066c8,0x00000000e4f80000)
  to   space 7168K, 0% used [0x00000000e4180000,0x00000000e4180000,0x00000000e4880000)
 ParOldGen       total 31744K, used 23323K [0x00000000a0000000, 0x00000000a1f00000, 0x00000000e0000000)
  object space 31744K, 73% used [0x00000000a0000000,0x00000000a16c6eb0,0x00000000a1f00000)
 Metaspace       used 34607K, capacity 35332K, committed 35416K, reserved 1079296K
  class space    used 4726K, capacity 4964K, committed 4992K, reserved 1048576K
Event: 28.233 GC heap after
Heap after GC invocations=22 (full 2):
 PSYoungGen      total 74240K, used 0K [0x00000000e0000000, 0x00000000e5100000, 0x0000000100000000)
  eden space 67072K, 0% used [0x00000000e0000000,0x00000000e0000000,0x00000000e4180000)
  from space 7168K, 0% used [0x00000000e4880000,0x00000000e4880000,0x00000000e4f80000)
  to   space 7168K, 0% used [0x00000000e4180000,0x00000000e4180000,0x00000000e4880000)
 ParOldGen       total 51200K, used 16028K [0x00000000a0000000, 0x00000000a3200000, 0x00000000e0000000)
  object space 51200K, 31% used [0x00000000a0000000,0x00000000a0fa7240,0x00000000a3200000)
 Metaspace       used 34538K, capacity 35176K, committed 35416K, reserved 1079296K
  class space    used 4707K, capacity 4912K, committed 4992K, reserved 1048576K
}

