# JRE version: OpenJDK Runtime Environment (8.0_152-b02) (build 1.8.0_152-release-1024-b02)
# Java VM: OpenJDK 64-Bit Server VM (25.152-b02 mixed mode windows-amd64 compressed oops)
Heap:
 PSYoungGen      total 389120K, used 66746K [0x00000000e0000000, 0x0000000100000000, 0x0000000100000000)
  eden space 371200K, 16% used [0x00000000e0000000,0x00000000e3bf1ac8,0x00000000f6a80000)
  from space 17920K, 29% used [0x00000000f6a80000,0x00000000f6fbcee0,0x00000000f7c00000)
  to   space 17408K, 0% used [0x00000000fef00000,0x00000000fef00000,0x0000000100000000)
 ParOldGen       total 82432K, used 51958K [0x00000000a0000000, 0x00000000a5080000, 0x00000000e0000000)
  object space 82432K, 63% used [0x00000000a0000000,0x00000000a32bd8f0,0x00000000a5080000)
 Metaspace       used 64114K, capacity 67134K, committed 67288K, reserved 1107968K
  class space    used 8704K, capacity 9352K, committed 9472K, reserved 1048576K
GC Heap History (10 events):
Event: 28.736 GC heap before
{Heap before GC invocations=16 (full 3):
 PSYoungGen      total 182272K, used 416K [0x00000000e0000000, 0x00000000f1a80000, 0x0000000100000000)
  eden space 165888K, 0% used [0x00000000e0000000,0x00000000e0000000,0x00000000ea200000)
  from space 16384K, 2% used [0x00000000ea200000,0x00000000ea268000,0x00000000eb200000)
  to   space 16896K, 0% used [0x00000000f0a00000,0x00000000f0a00000,0x00000000f1a80000)
 ParOldGen       total 57344K, used 44981K [0x00000000a0000000, 0x00000000a3800000, 0x00000000e0000000)
  object space 57344K, 78% used [0x00000000a0000000,0x00000000a2bed500,0x00000000a3800000)
 Metaspace       used 56740K, capacity 58852K, committed 58968K, reserved 1099776K
  class space    used 7752K, capacity 8239K, committed 8320K, reserved 1048576K
Event: 28.899 GC heap after
Heap after GC invocations=16 (full 3):
 PSYoungGen      total 182272K, used 0K [0x00000000e0000000, 0x00000000f1a80000, 0x0000000100000000)
  eden space 165888K, 0% used [0x00000000e0000000,0x00000000e0000000,0x00000000ea200000)
  from space 16384K, 0% used [0x00000000ea200000,0x00000000ea200000,0x00000000eb200000)
  to   space 16896K, 0% used [0x00000000f0a00000,0x00000000f0a00000,0x00000000f1a80000)
 ParOldGen       total 82432K, used 36298K [0x00000000a0000000, 0x00000000a5080000, 0x00000000e0000000)
  object space 82432K, 44% used [0x00000000a0000000,0x00000000a2372990,0x00000000a5080000)
 Metaspace       used 56535K, capacity 58308K, committed 58968K, reserved 1099776K
  class space    used 7680K, capacity 8111K, committed 8320K, reserved 1048576K
}
Event: 30.302 GC heap before
{Heap before GC invocations=17 (full 3):
 PSYoungGen      total 182272K, used 165888K [0x00000000e0000000, 0x00000000f1a80000, 0x0000000100000000)
  eden space 165888K, 100% used [0x00000000e0000000,0x00000000ea200000,0x00000000ea200000)
  from space 16384K, 0% used [0x00000000ea200000,0x00000000ea200000,0x00000000eb200000)
  to   space 16896K, 0% used [0x00000000f0a00000,0x00000000f0a00000,0x00000000f1a80000)
 ParOldGen       total 82432K, used 36300K [0x00000000a0000000, 0x00000000a5080000, 0x00000000e0000000)
  object space 82432K, 44% used [0x00000000a0000000,0x00000000a2373220,0x00000000a5080000)
 Metaspace       used 62408K, capacity 65074K, committed 65240K, reserved 1105920K
  class space    used 8565K, capacity 9168K, committed 9216K, reserved 1048576K
Event: 30.322 GC heap after
Heap after GC invocations=17 (full 3):
 PSYoungGen      total 264192K, used 13443K [0x00000000e0000000, 0x00000000f1800000, 0x0000000100000000)
  eden space 249856K, 0% used [0x00000000e0000000,0x00000000e0000000,0x00000000ef400000)
  from space 14336K, 93% used [0x00000000f0a00000,0x00000000f1720df8,0x00000000f1800000)
  to   space 18432K, 0% used [0x00000000ef400000,0x00000000ef400000,0x00000000f0600000)
 ParOldGen       total 82432K, used 36308K [0x00000000a0000000, 0x00000000a5080000, 0x00000000e0000000)
  object space 82432K, 44% used [0x00000000a0000000,0x00000000a2375220,0x00000000a5080000)
 Metaspace       used 62408K, capacity 65074K, committed 65240K, reserved 1105920K
  class space    used 8565K, capacity 9168K, committed 9216K, reserved 1048576K
}
Event: 30.902 GC heap before
{Heap before GC invocations=18 (full 3):
 PSYoungGen      total 264192K, used 263299K [0x00000000e0000000, 0x00000000f1800000, 0x0000000100000000)
  eden space 249856K, 100% used [0x00000000e0000000,0x00000000ef400000,0x00000000ef400000)
  from space 14336K, 93% used [0x00000000f0a00000,0x00000000f1720df8,0x00000000f1800000)
  to   space 18432K, 0% used [0x00000000ef400000,0x00000000ef400000,0x00000000f0600000)
 ParOldGen       total 82432K, used 36308K [0x00000000a0000000, 0x00000000a5080000, 0x00000000e0000000)
  object space 82432K, 44% used [0x00000000a0000000,0x00000000a2375220,0x00000000a5080000)
 Metaspace       used 62746K, capacity 65428K, committed 65496K, reserved 1105920K
  class space    used 8589K, capacity 9201K, committed 9216K, reserved 1048576K
Event: 30.916 GC heap after
Heap after GC invocations=18 (full 3):
 PSYoungGen      total 268288K, used 3648K [0x00000000e0000000, 0x00000000f8f80000, 0x0000000100000000)
  eden space 249856K, 0% used [0x00000000e0000000,0x00000000e0000000,0x00000000ef400000)
  from space 18432K, 19% used [0x00000000ef400000,0x00000000ef790020,0x00000000f0600000)
  to   space 17920K, 0% used [0x00000000f7e00000,0x00000000f7e00000,0x00000000f8f80000)
 ParOldGen       total 82432K, used 43397K [0x00000000a0000000, 0x00000000a5080000, 0x00000000e0000000)
  object space 82432K, 52% used [0x00000000a0000000,0x00000000a2a614e0,0x00000000a5080000)
 Metaspace       used 62746K, capacity 65428K, committed 65496K, reserved 1105920K
  class space    used 8589K, capacity 9201K, committed 9216K, reserved 1048576K
}
Event: 31.729 GC heap before
{Heap before GC invocations=19 (full 3):
 PSYoungGen      total 268288K, used 253504K [0x00000000e0000000, 0x00000000f8f80000, 0x0000000100000000)
  eden space 249856K, 100% used [0x00000000e0000000,0x00000000ef400000,0x00000000ef400000)
  from space 18432K, 19% used [0x00000000ef400000,0x00000000ef790020,0x00000000f0600000)
  to   space 17920K, 0% used [0x00000000f7e00000,0x00000000f7e00000,0x00000000f8f80000)
 ParOldGen       total 82432K, used 43397K [0x00000000a0000000, 0x00000000a5080000, 0x00000000e0000000)
  object space 82432K, 52% used [0x00000000a0000000,0x00000000a2a614e0,0x00000000a5080000)
 Metaspace       used 63934K, capacity 66918K, committed 67288K, reserved 1107968K
  class space    used 8702K, capacity 9352K, committed 9472K, reserved 1048576K
Event: 31.752 GC heap after
Heap after GC invocations=19 (full 3):
 PSYoungGen      total 387072K, used 10641K [0x00000000e0000000, 0x00000000f8d80000, 0x0000000100000000)
  eden space 371200K, 0% used [0x00000000e0000000,0x00000000e0000000,0x00000000f6a80000)
  from space 15872K, 67% used [0x00000000f7e00000,0x00000000f8864610,0x00000000f8d80000)
  to   space 17920K, 0% used [0x00000000f6a80000,0x00000000f6a80000,0x00000000f7c00000)
 ParOldGen       total 82432K, used 45537K [0x00000000a0000000, 0x00000000a5080000, 0x00000000e0000000)
  object space 82432K, 55% used [0x00000000a0000000,0x00000000a2c785d0,0x00000000a5080000)
 Metaspace       used 63934K, capacity 66918K, committed 67288K, reserved 1107968K
  class space    used 8702K, capacity 9352K, committed 9472K, reserved 1048576K
}
Event: 32.283 GC heap before
{Heap before GC invocations=20 (full 3):
 PSYoungGen      total 387072K, used 381841K [0x00000000e0000000, 0x00000000f8d80000, 0x0000000100000000)
  eden space 371200K, 100% used [0x00000000e0000000,0x00000000f6a80000,0x00000000f6a80000)
  from space 15872K, 67% used [0x00000000f7e00000,0x00000000f8864610,0x00000000f8d80000)
  to   space 17920K, 0% used [0x00000000f6a80000,0x00000000f6a80000,0x00000000f7c00000)
 ParOldGen       total 82432K, used 45537K [0x00000000a0000000, 0x00000000a5080000, 0x00000000e0000000)
  object space 82432K, 55% used [0x00000000a0000000,0x00000000a2c785d0,0x00000000a5080000)
 Metaspace       used 64086K, capacity 67130K, committed 67288K, reserved 1107968K
  class space    used 8704K, capacity 9352K, committed 9472K, reserved 1048576K
Event: 32.302 GC heap after
Heap after GC invocations=20 (full 3):
 PSYoungGen      total 389120K, used 5363K [0x00000000e0000000, 0x0000000100000000, 0x0000000100000000)
  eden space 371200K, 0% used [0x00000000e0000000,0x00000000e0000000,0x00000000f6a80000)
  from space 17920K, 29% used [0x00000000f6a80000,0x00000000f6fbcee0,0x00000000f7c00000)
  to   space 17408K, 0% used [0x00000000fef00000,0x00000000fef00000,0x0000000100000000)
 ParOldGen       total 82432K, used 51958K [0x00000000a0000000, 0x00000000a5080000, 0x00000000e0000000)
  object space 82432K, 63% used [0x00000000a0000000,0x00000000a32bd8f0,0x00000000a5080000)
 Metaspace       used 64086K, capacity 67130K, committed 67288K, reserved 1107968K
  class space    used 8704K, capacity 9352K, committed 9472K, reserved 1048576K
}

